\BOOKMARK [0][-]{Doc-Start}{\376\377\000S\000a\001\176\000e\000t\000a\000k}{}% 1
\BOOKMARK [0][-]{chapter.1}{\376\377\000U\000v\000o\000d}{}% 2
\BOOKMARK [0][-]{chapter.2}{\376\377\000G\000l\000a\000v\000n\000i\000\040\000d\000i\000o}{}% 3
\BOOKMARK [1][-]{section.2.1}{\376\377\000S\000t\000r\000u\000k\000t\000u\000r\000a\000\040\000B\000a\000m\000b\000o\000o\000\040\000F\000i\000l\000t\000e\000r\000a}{chapter.2}% 4
\BOOKMARK [1][-]{section.2.2}{\376\377\000C\000u\000c\000k\000o\000o\000\040\000F\000i\000l\000t\000e\000r}{chapter.2}% 5
\BOOKMARK [1][-]{section.2.3}{\376\377\000A\000l\000g\000o\000r\000i\000t\000m\000i\000\040\000B\000a\000m\000b\000o\000o\000\040\000F\000i\000l\000t\000e\000r\000a}{chapter.2}% 6
\BOOKMARK [2][-]{subsection.2.3.1}{\376\377\000A\000l\000g\000o\000r\000i\000t\000a\000m\000\040\000U\000m\000e\000t\000a\000n\000j\000a}{section.2.3}% 7
\BOOKMARK [2][-]{subsection.2.3.2}{\376\377\000A\000l\000g\000o\000r\000i\000t\000a\000m\000\040\000P\000r\000o\001\141\000i\000r\000e\000n\000j\000a}{section.2.3}% 8
\BOOKMARK [2][-]{subsection.2.3.3}{\376\377\000A\000l\000g\000o\000r\000i\000t\000a\000m\000\040\000U\000k\000l\000a\000n\000j\000a\000n\000j\000a}{section.2.3}% 9
\BOOKMARK [2][-]{subsection.2.3.4}{\376\377\000A\000l\000g\000o\000r\000i\000t\000a\000m\000\040\000P\000r\000e\000t\000r\000a\000g\000e}{section.2.3}% 10
\BOOKMARK [2][-]{subsection.2.3.5}{\376\377\000A\000l\000g\000o\000r\000i\000t\000a\000m\000\040\000K\000o\000m\000p\000r\000e\000s\000i\000j\000e}{section.2.3}% 11
\BOOKMARK [1][-]{section.2.4}{\376\377\000I\000l\000u\000s\000t\000r\000a\000c\000i\000j\000a\000\040\000P\000r\000i\000m\000j\000e\000r\000a\000\040\000U\000m\000e\000t\000a\000n\000j\000a}{chapter.2}% 12
\BOOKMARK [2][-]{subsection.2.4.1}{\376\377\000P\000o\001\015\000e\000t\000n\000a\000\040\000S\000t\000r\000u\000k\000t\000u\000r\000a}{section.2.4}% 13
\BOOKMARK [2][-]{subsection.2.4.2}{\376\377\000U\000m\000e\000t\000a\000n\000j\000e\000\040\000E\000l\000e\000m\000e\000n\000t\000a\000\040\000e\0001}{section.2.4}% 14
\BOOKMARK [2][-]{subsection.2.4.3}{\376\377\000U\000m\000e\000t\000a\000n\000j\000e\000\040\000E\000l\000e\000m\000e\000n\000t\000a\000\040\000e\0002}{section.2.4}% 15
\BOOKMARK [0][-]{chapter.3}{\376\377\000R\000e\000z\000u\000l\000t\000a\000t\000i\000\040\000i\000\040\000r\000a\000s\000p\000r\000a\000v\000a}{}% 16
\BOOKMARK [1][-]{section.3.1}{\376\377\000T\000e\000s\000t\000i\000r\000a\000n\000j\000e\000\040\000n\000a\000\040\000u\000m\000j\000e\000t\000n\000o\000\040\000g\000e\000n\000e\000r\000i\000r\000a\000n\000i\000m\000\040\000p\000o\000d\000a\000t\000c\000i\000m\000a}{chapter.3}% 17
\BOOKMARK [1][-]{section.3.2}{\376\377\000V\000r\000i\000j\000e\000m\000e\000\040\000i\000z\000v\000o\001\021\000e\000n\000j\000a}{chapter.3}% 18
\BOOKMARK [1][-]{section.3.3}{\376\377\000I\000s\000k\000o\000r\000i\001\141\000t\000e\000n\000a\000\040\000m\000e\000m\000o\000r\000i\000j\000a}{chapter.3}% 19
\BOOKMARK [1][-]{section.3.4}{\376\377\000P\000r\000e\000c\000i\000z\000n\000o\000s\000t}{chapter.3}% 20
\BOOKMARK [1][-]{section.3.5}{\376\377\000L\000a\001\176\000n\000o\000\040\000p\000o\000z\000i\000t\000i\000v\000n\000o}{chapter.3}% 21
\BOOKMARK [1][-]{section.3.6}{\376\377\000T\000e\000s\000t\000i\000r\000a\000n\000j\000e\000\040\000n\000a\000\040\000s\000t\000v\000a\000r\000n\000i\000m\000\040\000p\000o\000d\000a\000t\000c\000i\000m\000a\000\040\000\050\000E\000s\000c\000h\000e\000r\000i\000c\000h\000i\000a\000\040\000c\000o\000l\000i\000\051}{chapter.3}% 22
\BOOKMARK [0][-]{chapter.4}{\376\377\000Z\000a\000k\000l\000j\000u\001\015\000a\000k}{}% 23
\BOOKMARK [0][-]{chapter*.13}{\376\377\000L\000i\000t\000e\000r\000a\000t\000u\000r\000a}{}% 24
